#
# There is insufficient memory for the Java Runtime Environment to continue.
# Native memory allocation (mmap) failed to map 134217728 bytes for Failed to commit area from 0x0000000081800000 to 0x0000000089800000 of length 134217728.
# Possible reasons:
#   The system is out of physical RAM or swap space
#   The process is running with CompressedOops enabled, and the Java Heap may be blocking the growth of the native heap
# Possible solutions:
#   Reduce memory load on the system
#   Increase physical memory or swap space
#   Check if swap backing store is full
#   Decrease Java heap size (-Xmx/-Xms)
#   Decrease number of Java threads
#   Decrease Java thread stack sizes (-Xss)
#   Set larger code cache with -XX:ReservedCodeCacheSize=
# This output file may be truncated or incomplete.
#
#  Out of Memory Error (t:/workspace/open/src/hotspot/os/windows/os_windows.cpp:3264), pid=22480, tid=16280
#
# JRE version:  (12.0.2+10) (build )
# Java VM: Java HotSpot(TM) 64-Bit Server VM (12.0.2+10, mixed mode, sharing, tiered, compressed oops, g1 gc, windows-amd64)
# No core dump will be written. Minidumps are not enabled by default on client versions of Windows
#

---------------  S U M M A R Y ------------

Command Line: -agentlib:jdwp=transport=dt_socket,suspend=y,address=localhost:53219 -javaagent:C:\Users\Hello world\eclipse\java-2019-06\eclipse\configuration\org.eclipse.osgi\226\0\.cp\lib\javaagent-shaded.jar -Dfile.encoding=MS949 app.Main_AL07_201701982_±è³²È£

Host: Intel(R) Core(TM) i7-7500U CPU @ 2.70GHz, 4 cores, 7G,  Windows 10 , 64 bit Build 18362 (10.0.18362.1110)
Time: Tue Oct 20 14:40:56 2020 ¢¥eCN©öI¡¾©ö C¡ÍA¨ª¨öA elapsed time: 0 seconds (0d 0h 0m 0s)

---------------  T H R E A D  ---------------

Current thread (0x000001cf21f49000):  JavaThread "Unknown thread" [_thread_in_vm, id=16280, stack(0x0000004bcc100000,0x0000004bcc200000)]

Stack: [0x0000004bcc100000,0x0000004bcc200000]
Native frames: (J=compiled Java code, j=interpreted, Vv=VM code, C=native code)
V  [jvm.dll+0x63aa2a]
V  [jvm.dll+0x78ce1e]
V  [jvm.dll+0x78e4c1]
V  [jvm.dll+0x78eb13]
V  [jvm.dll+0x2627e8]
V  [jvm.dll+0x637f5a]
V  [jvm.dll+0x62c845]
V  [jvm.dll+0x31e49c]
V  [jvm.dll+0x31e2cf]
V  [jvm.dll+0x324006]
V  [jvm.dll+0x371f56]
V  [jvm.dll+0x371720]
V  [jvm.dll+0x2f845a]
V  [jvm.dll+0x2f96d2]
V  [jvm.dll+0x767267]
V  [jvm.dll+0x7689f5]
V  [jvm.dll+0x380059]
V  [jvm.dll+0x74b794]
V  [jvm.dll+0x3ef5cd]
V  [jvm.dll+0x3f1471]
C  [jli.dll+0x51cf]
C  [ucrtbase.dll+0x210b2]
C  [KERNEL32.DLL+0x17c24]
C  [ntdll.dll+0x6cea1]


---------------  P R O C E S S  ---------------

Threads class SMR info:
_java_thread_list=0x00007ffcd0d87928, length=0, elements={
}

Java Threads: ( => current thread )

Other Threads:
  0x000001cf21f86800 GCTaskThread "GC Thread#0" [stack: 0x0000004bcc200000,0x0000004bcc300000] [id=14744]
  0x000001cf21f97000 ConcurrentGCThread "G1 Main Marker" [stack: 0x0000004bcc300000,0x0000004bcc400000] [id=17756]
  0x000001cf21f98800 ConcurrentGCThread "G1 Conc#0" [stack: 0x0000004bcc400000,0x0000004bcc500000] [id=18740]

[error occurred during error reporting (printing all threads), id 0xc0000005, EXCEPTION_ACCESS_VIOLATION (0xc0000005) at pc=0x00007ffcd05b85e7]

VM state:not at safepoint (not fully initialized)

VM Mutex/Monitor currently owned by a thread:  ([mutex/lock_event])
[0x000001cf21f45680] Heap_lock - owner thread: 0x000001cf21f49000

Heap address: 0x0000000081800000, size: 2024 MB, Compressed Oops mode: Non-zero based: 0x0000000081800000
Narrow klass base: 0x0000000000000000, Narrow klass shift: 0

GC Heap History (0 events):
No events

Deoptimization events (0 events):
No events

Classes redefined (0 events):
No events

Internal exceptions (0 events):
No events

Events (0 events):
No events


Dynamic libraries:
0x00007ff6037a0000 - 0x00007ff6037af000 	C:\Program Files\Java\jdk-12.0.2\bin\javaw.exe
0x00007ffd2f720000 - 0x00007ffd2f910000 	C:\WINDOWS\SYSTEM32\ntdll.dll
0x00007ffd2f620000 - 0x00007ffd2f6d2000 	C:\WINDOWS\System32\KERNEL32.DLL
0x00007ffd2c9d0000 - 0x00007ffd2cc75000 	C:\WINDOWS\System32\KERNELBASE.dll
0x00007ffd2c8d0000 - 0x00007ffd2c9ca000 	C:\WINDOWS\System32\ucrtbase.dll
0x00007ffd23080000 - 0x00007ffd23098000 	C:\Program Files\Java\jdk-12.0.2\bin\jli.dll
0x00007ffd2f3a0000 - 0x00007ffd2f443000 	C:\WINDOWS\System32\ADVAPI32.dll
0x00007ffd2e0a0000 - 0x00007ffd2e13e000 	C:\WINDOWS\System32\msvcrt.dll
0x00007ffd2d7d0000 - 0x00007ffd2d867000 	C:\WINDOWS\System32\sechost.dll
0x00007ffd2d960000 - 0x00007ffd2da80000 	C:\WINDOWS\System32\RPCRT4.dll
0x00007ffd2e1f0000 - 0x00007ffd2e384000 	C:\WINDOWS\System32\USER32.dll
0x00007ffd2ce50000 - 0x00007ffd2ce71000 	C:\WINDOWS\System32\win32u.dll
0x00007ffd2da80000 - 0x00007ffd2daa6000 	C:\WINDOWS\System32\GDI32.dll
0x00007ffd2c710000 - 0x00007ffd2c8a6000 	C:\WINDOWS\System32\gdi32full.dll
0x00007ffd2cc80000 - 0x00007ffd2cd1e000 	C:\WINDOWS\System32\msvcp_win.dll
0x00007ffd23f10000 - 0x00007ffd23f26000 	C:\Program Files\Java\jdk-12.0.2\bin\VCRUNTIME140.dll
0x00007ffd1acf0000 - 0x00007ffd1af74000 	C:\WINDOWS\WinSxS\amd64_microsoft.windows.common-controls_6595b64144ccf1df_6.0.18362.1139_none_9e7bf2d3e4605ac6\COMCTL32.dll
0x00007ffd2e610000 - 0x00007ffd2e945000 	C:\WINDOWS\System32\combase.dll
0x00007ffd2cd20000 - 0x00007ffd2cda0000 	C:\WINDOWS\System32\bcryptPrimitives.dll
0x00007ffd23020000 - 0x00007ffd2302a000 	C:\WINDOWS\SYSTEM32\VERSION.dll
0x00007ffd2e1c0000 - 0x00007ffd2e1ee000 	C:\WINDOWS\System32\IMM32.DLL
0x00007ffd09000000 - 0x00007ffd090aa000 	C:\Program Files\Java\jdk-12.0.2\bin\msvcp140.dll
0x00007ffcd02b0000 - 0x00007ffcd0e27000 	C:\Program Files\Java\jdk-12.0.2\bin\server\jvm.dll
0x00007ffd2f390000 - 0x00007ffd2f398000 	C:\WINDOWS\System32\PSAPI.DLL
0x00007ffd0c240000 - 0x00007ffd0c249000 	C:\WINDOWS\SYSTEM32\WSOCK32.dll
0x00007ffd2e390000 - 0x00007ffd2e3ff000 	C:\WINDOWS\System32\WS2_32.dll
0x00007ffd1ec90000 - 0x00007ffd1ecb4000 	C:\WINDOWS\SYSTEM32\WINMM.dll
0x00007ffd1ec60000 - 0x00007ffd1ec8d000 	C:\WINDOWS\SYSTEM32\WINMMBASE.dll
0x00007ffd2d750000 - 0x00007ffd2d79a000 	C:\WINDOWS\System32\cfgmgr32.dll
0x00007ffd2c690000 - 0x00007ffd2c6a1000 	C:\WINDOWS\System32\kernel.appcore.dll
0x00007ffd0cdf0000 - 0x00007ffd0ce01000 	C:\Program Files\Java\jdk-12.0.2\bin\verify.dll
0x00007ffd25a50000 - 0x00007ffd25c44000 	C:\WINDOWS\SYSTEM32\DBGHELP.DLL
0x00007ffd21e70000 - 0x00007ffd21e9a000 	C:\WINDOWS\SYSTEM32\dbgcore.DLL
0x00007ffd08ad0000 - 0x00007ffd08af6000 	C:\Program Files\Java\jdk-12.0.2\bin\java.dll
0x00007ffd1d1e0000 - 0x00007ffd1d218000 	C:\Program Files\Java\jdk-12.0.2\bin\jdwp.dll
0x00007ffd2b1a0000 - 0x00007ffd2b1ae000 	C:\Program Files\Java\jdk-12.0.2\bin\instrument.dll
0x00007ffd0b1c0000 - 0x00007ffd0b1d7000 	C:\Program Files\Java\jdk-12.0.2\bin\zip.dll
0x00007ffd1bca0000 - 0x00007ffd1bcaa000 	C:\Program Files\Java\jdk-12.0.2\bin\jimage.dll

dbghelp: loaded successfully - version: 4.0.5 - missing functions: none
symbol engine: initialized successfully - sym options: 0x614 - pdb path: .;C:\Program Files\Java\jdk-12.0.2\bin;C:\WINDOWS\SYSTEM32;C:\WINDOWS\WinSxS\amd64_microsoft.windows.common-controls_6595b64144ccf1df_6.0.18362.1139_none_9e7bf2d3e4605ac6;C:\Program Files\Java\jdk-12.0.2\bin\server

VM Arguments:
jvm_args: -agentlib:jdwp=transport=dt_socket,suspend=y,address=localhost:53219 -javaagent:C:\Users\Hello world\eclipse\java-2019-06\eclipse\configuration\org.eclipse.osgi\226\0\.cp\lib\javaagent-shaded.jar -Dfile.encoding=MS949 
java_command: app.Main_AL07_201701982_±è³²È£
java_class_path (initial): C:\Users\Hello world\eclipse-workspace\AL07_201701982_±è³²È£\bin
Launcher Type: SUN_STANDARD

[Global flags]
     intx CICompilerCount                          = 3                                         {product} {ergonomic}
     uint ConcGCThreads                            = 1                                         {product} {ergonomic}
     uint G1ConcRefinementThreads                  = 4                                         {product} {ergonomic}
   size_t G1HeapRegionSize                         = 1048576                                   {product} {ergonomic}
    uintx GCDrainStackTargetSize                   = 64                                        {product} {ergonomic}
   size_t InitialHeapSize                          = 134217728                                 {product} {ergonomic}
   size_t MarkStackSize                            = 4194304                                   {product} {ergonomic}
   size_t MaxHeapSize                              = 2122317824                                {product} {ergonomic}
   size_t MinHeapDeltaBytes                        = 1048576                                   {product} {ergonomic}
    uintx NonNMethodCodeHeapSize                   = 5830732                                {pd product} {ergonomic}
    uintx NonProfiledCodeHeapSize                  = 122913754                              {pd product} {ergonomic}
    uintx ProfiledCodeHeapSize                     = 122913754                              {pd product} {ergonomic}
    uintx ReservedCodeCacheSize                    = 251658240                              {pd product} {ergonomic}
     bool SegmentedCodeCache                       = true                                      {product} {ergonomic}
     bool UseCompressedClassPointers               = true                                 {lp64_product} {ergonomic}
     bool UseCompressedOops                        = true                                 {lp64_product} {ergonomic}
     bool UseG1GC                                  = true                                      {product} {ergonomic}
     bool UseLargePagesIndividualAllocation        = false                                  {pd product} {ergonomic}

Logging:
Log output configuration:
 #0: stdout all=warning uptime,level,tags
 #1: stderr all=off uptime,level,tags

Environment Variables:
JAVA_HOME=C:\Program Files\Java\jdk-12.0.2
PATH=C:/Program Files/Java/jdk-12.0.2/bin/server;C:/Program Files/Java/jdk-12.0.2/bin;C:\Program Files\AdoptOpenJDK\jdk-11.0.8.10-hotspot\bin;C:\Program Files (x86)\NetSarang\Xshell 6\;C:\windows\system32;C:\windows;C:\windows\System32\Wbem;C:\windows\System32\WindowsPowerShell\v1.0\;C:\Program Files (x86)\NVIDIA Corporation\PhysX\Common;C:\WINDOWS\system32;C:\WINDOWS;C:\WINDOWS\System32\Wbem;C:\WINDOWS\System32\WindowsPowerShell\v1.0\;C:\WINDOWS\System32\OpenSSH\;C:\Program Files (x86)\Intel\Intel(R) Management Engine Components\DAL;C:\Program Files\Intel\Intel(R) Management Engine Components\DAL;C:\Program Files\Java\jdk-12.0.2\bin;C:\Program Files\Git\cmd;C:\Program Files (x86)\Nox\bin\\;C:\Apache24\bin;C:\Users\Hello world\AppData\Local\Programs\Python\Python38-32\Scripts\;C:\Users\Hello world\AppData\Local\Programs\Python\Python38-32\;C:\Users\Hello world\AppData\Local\Microsoft\WindowsApps;C:\Users\Hello world\AppData\Local\atom\bin;C:\Users\Hello world\eclipse\java-2019-06\eclipse;
USERNAME=Hello world
OS=Windows_NT
PROCESSOR_IDENTIFIER=Intel64 Family 6 Model 142 Stepping 9, GenuineIntel



---------------  S Y S T E M  ---------------

OS: Windows 10 , 64 bit Build 18362 (10.0.18362.1110)

CPU:total 4 (initial active 4) (2 cores per cpu, 2 threads per core) family 6 model 142 stepping 9, cmov, cx8, fxsr, mmx, sse, sse2, sse3, ssse3, sse4.1, sse4.2, popcnt, avx, avx2, aes, clmul, erms, 3dnowpref, lzcnt, ht, tsc, tscinvbit, bmi1, bmi2, adx, fma

Memory: 4k page, system-wide physical 8089M (2939M free)
TotalPageFile size 12185M (AvailPageFile size 86M)
current process WorkingSet (physical memory assigned to process): 10M, peak: 10M
current process commit charge ("private bytes"): 52M, peak: 179M

vm_info: Java HotSpot(TM) 64-Bit Server VM (12.0.2+10) for windows-amd64 JRE (12.0.2+10), built on Jul 16 2019 01:56:17 by "mach5one" with MS VC++ 15.5 (VS2017)

END.
